Arguments: 
  /usr/local/bin/node /usr/local/bin/yarn

PATH: 
  /usr/local/bin:/usr/bin:/bin:/usr/sbin:/sbin:/Library/Apple/usr/bin

Yarn version: 
  1.22.18

Node version: 
  16.14.2

Platform: 
  darwin arm64

Trace: 
  SyntaxError: /Users/xieyuteng/Documents/yyt/yyt-package/packages/ui/portal/package.json: Unexpected token } in JSON at position 325
      at JSON.parse (<anonymous>)
      at /usr/local/lib/node_modules/yarn/lib/cli.js:1625:59
      at Generator.next (<anonymous>)
      at step (/usr/local/lib/node_modules/yarn/lib/cli.js:310:30)
      at /usr/local/lib/node_modules/yarn/lib/cli.js:321:13

npm manifest: 
  {
      "name": "@yyt-ui/portal",
      "version": "0.0.0",
      "description": "",
      "main": "dist/yyt-ui-portal.cjs.js",
      "module": "dist/yyt-ui-portal.esm.js",
      "types": "dist/yyt-ui-portal.cjs.d.ts",
      "sideEffects": false,
      "author": "",
      "license": "MIT",
      "files": [
          "src",
          "dist"
      ],
  }

yarn manifest: 
  No manifest

Lockfile: 
  No lockfile
